Command line invocation:
    /Applications/Xcode.app/Contents/Developer/usr/bin/xcodebuild -scheme DayPlanner -configuration Debug build

ComputePackagePrebuildTargetDependencyGraph

Prepare packages

CreateBuildRequest

SendProjectDescription

CreateBuildOperation

ComputeTargetDependencyGraph
note: Building targets in dependency order
note: Target dependency graph (1 target)
    Target 'DayPlanner' in project 'DayPlanner' (no dependencies)

GatherProvisioningInputs

CreateBuildDescription

ClangStatCache /Applications/Xcode.app/Contents/Developer/Toolchains/XcodeDefault.xctoolchain/usr/bin/clang-stat-cache /Applications/Xcode.app/Contents/Developer/Platforms/MacOSX.platform/Developer/SDKs/MacOSX26.0.sdk /Users/mac/Library/Developer/Xcode/DerivedData/SDKStatCaches.noindex/macosx26.0-25A352-28806144b0707e398aac92880fa50324.sdkstatcache
    cd /Users/mac/Desktop/v0dayplan/dayplannermacos/DayPlanner.xcodeproj
    /Applications/Xcode.app/Contents/Developer/Toolchains/XcodeDefault.xctoolchain/usr/bin/clang-stat-cache /Applications/Xcode.app/Contents/Developer/Platforms/MacOSX.platform/Developer/SDKs/MacOSX26.0.sdk -o /Users/mac/Library/Developer/Xcode/DerivedData/SDKStatCaches.noindex/macosx26.0-25A352-28806144b0707e398aac92880fa50324.sdkstatcache

SwiftDriver DayPlanner normal arm64 com.apple.xcode.tools.swift.compiler (in target 'DayPlanner' from project 'DayPlanner')
    cd /Users/mac/Desktop/v0dayplan/dayplannermacos
    builtin-SwiftDriver -- /Applications/Xcode.app/Contents/Developer/Toolchains/XcodeDefault.xctoolchain/usr/bin/swiftc -module-name DayPlanner -Onone -enforce-exclusivity\=checked @/Users/mac/Library/Developer/Xcode/DerivedData/DayPlanner-dzmspesxuataoydrmhbjdwttjbay/Build/Intermediates.noindex/DayPlanner.build/Debug/DayPlanner.build/Objects-normal/arm64/DayPlanner.SwiftFileList -DDEBUG -enable-bare-slash-regex -enable-experimental-feature DebugDescriptionMacro -sdk /Applications/Xcode.app/Contents/Developer/Platforms/MacOSX.platform/Developer/SDKs/MacOSX26.0.sdk -target arm64-apple-macos14.0 -g -module-cache-path /Users/mac/Library/Developer/Xcode/DerivedData/ModuleCache.noindex -Xfrontend -serialize-debugging-options -enable-testing -index-store-path /Users/mac/Library/Developer/Xcode/DerivedData/DayPlanner-dzmspesxuataoydrmhbjdwttjbay/Index.noindex/DataStore -Xcc -D_LIBCPP_HARDENING_MODE\=_LIBCPP_HARDENING_MODE_DEBUG -swift-version 5 -I /Users/mac/Library/Developer/Xcode/DerivedData/DayPlanner-dzmspesxuataoydrmhbjdwttjbay/Build/Products/Debug -F /Users/mac/Library/Developer/Xcode/DerivedData/DayPlanner-dzmspesxuataoydrmhbjdwttjbay/Build/Products/Debug -emit-localized-strings -emit-localized-strings-path /Users/mac/Library/Developer/Xcode/DerivedData/DayPlanner-dzmspesxuataoydrmhbjdwttjbay/Build/Intermediates.noindex/DayPlanner.build/Debug/DayPlanner.build/Objects-normal/arm64 -c -j10 -enable-batch-mode -incremental -Xcc -ivfsstatcache -Xcc /Users/mac/Library/Developer/Xcode/DerivedData/SDKStatCaches.noindex/macosx26.0-25A352-28806144b0707e398aac92880fa50324.sdkstatcache -output-file-map /Users/mac/Library/Developer/Xcode/DerivedData/DayPlanner-dzmspesxuataoydrmhbjdwttjbay/Build/Intermediates.noindex/DayPlanner.build/Debug/DayPlanner.build/Objects-normal/arm64/DayPlanner-OutputFileMap.json -use-frontend-parseable-output -save-temps -no-color-diagnostics -explicit-module-build -module-cache-path /Users/mac/Library/Developer/Xcode/DerivedData/DayPlanner-dzmspesxuataoydrmhbjdwttjbay/Build/Intermediates.noindex/SwiftExplicitPrecompiledModules -clang-scanner-module-cache-path /Users/mac/Library/Developer/Xcode/DerivedData/ModuleCache.noindex -sdk-module-cache-path /Users/mac/Library/Developer/Xcode/DerivedData/ModuleCache.noindex -serialize-diagnostics -emit-dependencies -emit-module -emit-module-path /Users/mac/Library/Developer/Xcode/DerivedData/DayPlanner-dzmspesxuataoydrmhbjdwttjbay/Build/Intermediates.noindex/DayPlanner.build/Debug/DayPlanner.build/Objects-normal/arm64/DayPlanner.swiftmodule -validate-clang-modules-once -clang-build-session-file /Users/mac/Library/Developer/Xcode/DerivedData/ModuleCache.noindex/Session.modulevalidation -Xcc -I/Users/mac/Library/Developer/Xcode/DerivedData/DayPlanner-dzmspesxuataoydrmhbjdwttjbay/Build/Intermediates.noindex/DayPlanner.build/Debug/DayPlanner.build/swift-overrides.hmap -emit-const-values -Xfrontend -const-gather-protocols-file -Xfrontend /Users/mac/Library/Developer/Xcode/DerivedData/DayPlanner-dzmspesxuataoydrmhbjdwttjbay/Build/Intermediates.noindex/DayPlanner.build/Debug/DayPlanner.build/Objects-normal/arm64/DayPlanner_const_extract_protocols.json -Xcc -iquote -Xcc /Users/mac/Library/Developer/Xcode/DerivedData/DayPlanner-dzmspesxuataoydrmhbjdwttjbay/Build/Intermediates.noindex/DayPlanner.build/Debug/DayPlanner.build/DayPlanner-generated-files.hmap -Xcc -I/Users/mac/Library/Developer/Xcode/DerivedData/DayPlanner-dzmspesxuataoydrmhbjdwttjbay/Build/Intermediates.noindex/DayPlanner.build/Debug/DayPlanner.build/DayPlanner-own-target-headers.hmap -Xcc -I/Users/mac/Library/Developer/Xcode/DerivedData/DayPlanner-dzmspesxuataoydrmhbjdwttjbay/Build/Intermediates.noindex/DayPlanner.build/Debug/DayPlanner.build/DayPlanner-all-target-headers.hmap -Xcc -iquote -Xcc /Users/mac/Library/Developer/Xcode/DerivedData/DayPlanner-dzmspesxuataoydrmhbjdwttjbay/Build/Intermediates.noindex/DayPlanner.build/Debug/DayPlanner.build/DayPlanner-project-headers.hmap -Xcc -I/Users/mac/Library/Developer/Xcode/DerivedData/DayPlanner-dzmspesxuataoydrmhbjdwttjbay/Build/Products/Debug/include -Xcc -I/Users/mac/Library/Developer/Xcode/DerivedData/DayPlanner-dzmspesxuataoydrmhbjdwttjbay/Build/Intermediates.noindex/DayPlanner.build/Debug/DayPlanner.build/DerivedSources-normal/arm64 -Xcc -I/Users/mac/Library/Developer/Xcode/DerivedData/DayPlanner-dzmspesxuataoydrmhbjdwttjbay/Build/Intermediates.noindex/DayPlanner.build/Debug/DayPlanner.build/DerivedSources/arm64 -Xcc -I/Users/mac/Library/Developer/Xcode/DerivedData/DayPlanner-dzmspesxuataoydrmhbjdwttjbay/Build/Intermediates.noindex/DayPlanner.build/Debug/DayPlanner.build/DerivedSources -Xcc -DDEBUG\=1 -emit-objc-header -emit-objc-header-path /Users/mac/Library/Developer/Xcode/DerivedData/DayPlanner-dzmspesxuataoydrmhbjdwttjbay/Build/Intermediates.noindex/DayPlanner.build/Debug/DayPlanner.build/Objects-normal/arm64/DayPlanner-Swift.h -working-directory /Users/mac/Desktop/v0dayplan/dayplannermacos -experimental-emit-module-separately -disable-cmo

SwiftCompile normal arm64 Compiling\ Models.swift /Users/mac/Desktop/v0dayplan/dayplannermacos/DayPlanner/Data/Models.swift (in target 'DayPlanner' from project 'DayPlanner')

SwiftCompile normal arm64 /Users/mac/Desktop/v0dayplan/dayplannermacos/DayPlanner/Data/Models.swift (in target 'DayPlanner' from project 'DayPlanner')
    cd /Users/mac/Desktop/v0dayplan/dayplannermacos
    

SwiftEmitModule normal arm64 Emitting\ module\ for\ DayPlanner (in target 'DayPlanner' from project 'DayPlanner')
EmitSwiftModule normal arm64 (in target 'DayPlanner' from project 'DayPlanner')
    cd /Users/mac/Desktop/v0dayplan/dayplannermacos
    

SwiftCompile normal arm64 Compiling\ PillarsSection.swift /Users/mac/Desktop/v0dayplan/dayplannermacos/DayPlanner/App/Mind/PillarsSection.swift (in target 'DayPlanner' from project 'DayPlanner')

SwiftCompile normal arm64 /Users/mac/Desktop/v0dayplan/dayplannermacos/DayPlanner/App/Mind/PillarsSection.swift (in target 'DayPlanner' from project 'DayPlanner')
    cd /Users/mac/Desktop/v0dayplan/dayplannermacos
    
/Users/mac/Desktop/v0dayplan/dayplannermacos/DayPlanner/App/Mind/PillarsSection.swift:1019:13: warning: variable 'hasStageableActions' was written to, but never read
        var hasStageableActions = false
            ^

SwiftCompile normal arm64 Compiling\ SettingsView.swift /Users/mac/Desktop/v0dayplan/dayplannermacos/DayPlanner/App/Settings/SettingsView.swift (in target 'DayPlanner' from project 'DayPlanner')

SwiftCompile normal arm64 /Users/mac/Desktop/v0dayplan/dayplannermacos/DayPlanner/App/Settings/SettingsView.swift (in target 'DayPlanner' from project 'DayPlanner')
    cd /Users/mac/Desktop/v0dayplan/dayplannermacos
    

SwiftCompile normal arm64 Compiling\ BackfillViews.swift /Users/mac/Desktop/v0dayplan/dayplannermacos/DayPlanner/App/Calendar/BackfillViews.swift (in target 'DayPlanner' from project 'DayPlanner')
Failed frontend command:
/Applications/Xcode.app/Contents/Developer/Toolchains/XcodeDefault.xctoolchain/usr/bin/swift-frontend -frontend -c /Users/mac/Desktop/v0dayplan/dayplannermacos/DayPlanner/Data/Models.swift /Users/mac/Desktop/v0dayplan/dayplannermacos/DayPlanner/Data/Storage.swift /Users/mac/Desktop/v0dayplan/dayplannermacos/DayPlanner/Glass/LiquidGlass.swift /Users/mac/Desktop/v0dayplan/dayplannermacos/DayPlanner/Glass/RippleEffects.swift /Users/mac/Desktop/v0dayplan/dayplannermacos/DayPlanner/Glass/Animations.swift /Users/mac/Desktop/v0dayplan/dayplannermacos/DayPlanner/Surfaces/TodayGlass.swift /Users/mac/Desktop/v0dayplan/dayplannermacos/DayPlanner/Surfaces/FlowGlass.swift /Users/mac/Desktop/v0dayplan/dayplannermacos/DayPlanner/AI/AIService.swift /Users/mac/Desktop/v0dayplan/dayplannermacos/DayPlanner/Intelligence/PatternLearning.swift /Users/mac/Desktop/v0dayplan/dayplannermacos/DayPlanner/Intelligence/MindEditorModels.swift /Users/mac/Desktop/v0dayplan/dayplannermacos/DayPlanner/Extensions/Extensions.swift /Users/mac/Desktop/v0dayplan/dayplannermacos/DayPlanner/Surfaces/CalendarDayView.swift /Users/mac/Desktop/v0dayplan/dayplannermacos/DayPlanner/App/AppShell/AppMain.swift /Users/mac/Desktop/v0dayplan/dayplannermacos/DayPlanner/App/Onboarding/OnboardingCoordinator.swift /Users/mac/Desktop/v0dayplan/dayplannermacos/DayPlanner/App/Onboarding/OnboardingOverlay.swift /Users/mac/Desktop/v0dayplan/dayplannermacos/DayPlanner/Views/Shared/MoodPrompts.swift /Users/mac/Desktop/v0dayplan/dayplannermacos/DayPlanner/App/AppShell/TopBarView.swift /Users/mac/Desktop/v0dayplan/dayplannermacos/DayPlanner/App/AppShell/UnifiedSplitView.swift /Users/mac/Desktop/v0dayplan/dayplannermacos/DayPlanner/App/AppShell/ActionBarView.swift /Users/mac/Desktop/v0dayplan/dayplannermacos/DayPlanner/App/Calendar/CalendarPanel.swift /Users/mac/Desktop/v0dayplan/dayplannermacos/DayPlanner/App/Calendar/CalendarChatBar.swift /Users/mac/Desktop/v0dayplan/dayplannermacos/DayPlanner/App/Calendar/CalendarHeader.swift /Users/mac/Desktop/v0dayplan/dayplannermacos/DayPlanner/App/Calendar/MonthViewExpanded.swift /Users/mac/Desktop/v0dayplan/dayplannermacos/DayPlanner/App/Calendar/EnhancedDayView.swift /Users/mac/Desktop/v0dayplan/dayplannermacos/DayPlanner/App/Calendar/ProportionalTimelineView.swift /Users/mac/Desktop/v0dayplan/dayplannermacos/DayPlanner/App/Calendar/PreciseEventCard.swift /Users/mac/Desktop/v0dayplan/dayplannermacos/DayPlanner/App/Calendar/ChainComponents.swift -primary-file /Users/mac/Desktop/v0dayplan/dayplannermacos/DayPlanner/App/Calendar/BackfillViews.swift /Users/mac/Desktop/v0dayplan/dayplannermacos/DayPlanner/App/Calendar/GapAffordance.swift /Users/mac/Desktop/v0dayplan/dayplannermacos/DayPlanner/App/Calendar/GhostOverlay.swift /Users/mac/Desktop/v0dayplan/dayplannermacos/DayPlanner/App/Calendar/LegacyDayPlannerView.swift /Users/mac/Desktop/v0dayplan/dayplannermacos/DayPlanner/App/Mind/MindPanel.swift /Users/mac/Desktop/v0dayplan/dayplannermacos/DayPlanner/App/Mind/MindChatBar.swift /Users/mac/Desktop/v0dayplan/dayplannermacos/DayPlanner/App/Mind/GoalGraphView.swift /Users/mac/Desktop/v0dayplan/dayplannermacos/DayPlanner/App/Mind/PillarsSection.swift /Users/mac/Desktop/v0dayplan/dayplannermacos/DayPlanner/App/Mind/ViewCards.swift /Users/mac/Desktop/v0dayplan/dayplannermacos/DayPlanner/App/Records/TodoListView.swift /Users/mac/Desktop/v0dayplan/dayplannermacos/DayPlanner/App/Records/RecordsStore.swift /Users/mac/Desktop/v0dayplan/dayplannermacos/DayPlanner/App/Settings/SettingsView.swift /Users/mac/Desktop/v0dayplan/dayplannermacos/DayPlanner/App/Settings/DiagnosticsView.swift -emit-dependencies-path /Users/mac/Library/Developer/Xcode/DerivedData/DayPlanner-dzmspesxuataoydrmhbjdwttjbay/Build/Intermediates.noindex/DayPlanner.build/Debug/DayPlanner.build/Objects-normal/arm64/BackfillViews.d -emit-const-values-path /Users/mac/Library/Developer/Xcode/DerivedData/DayPlanner-dzmspesxuataoydrmhbjdwttjbay/Build/Intermediates.noindex/DayPlanner.build/Debug/DayPlanner.build/Objects-normal/arm64/BackfillViews.swiftconstvalues -emit-reference-dependencies-path /Users/mac/Library/Developer/Xcode/DerivedData/DayPlanner-dzmspesxuataoydrmhbjdwttjbay/Build/Intermediates.noindex/DayPlanner.build/Debug/DayPlanner.build/Objects-normal/arm64/BackfillViews.swiftdeps -serialize-diagnostics-path /Users/mac/Library/Developer/Xcode/DerivedData/DayPlanner-dzmspesxuataoydrmhbjdwttjbay/Build/Intermediates.noindex/DayPlanner.build/Debug/DayPlanner.build/Objects-normal/arm64/BackfillViews.dia -emit-localized-strings -emit-localized-strings-path /Users/mac/Library/Developer/Xcode/DerivedData/DayPlanner-dzmspesxuataoydrmhbjdwttjbay/Build/Intermediates.noindex/DayPlanner.build/Debug/DayPlanner.build/Objects-normal/arm64 -target arm64-apple-macos14.0 -load-resolved-plugin /Applications/Xcode.app/Contents/Developer/Platforms/MacOSX.platform/Developer/usr/lib/swift/host/plugins/libFoundationMacros.dylib\#/Applications/Xcode.app/Contents/Developer/Platforms/MacOSX.platform/Developer/usr/bin/swift-plugin-server\#FoundationMacros -load-resolved-plugin /Applications/Xcode.app/Contents/Developer/Platforms/MacOSX.platform/Developer/usr/lib/swift/host/plugins/libObservationMacros.dylib\#/Applications/Xcode.app/Contents/Developer/Platforms/MacOSX.platform/Developer/usr/bin/swift-plugin-server\#ObservationMacros -load-resolved-plugin /Applications/Xcode.app/Contents/Developer/Platforms/MacOSX.platform/Developer/usr/lib/swift/host/plugins/libPreviewsMacros.dylib\#/Applications/Xcode.app/Contents/Developer/Platforms/MacOSX.platform/Developer/usr/bin/swift-plugin-server\#PreviewsMacros -load-resolved-plugin /Applications/Xcode.app/Contents/Developer/Platforms/MacOSX.platform/Developer/usr/lib/swift/host/plugins/libSwiftMacros.dylib\#/Applications/Xcode.app/Contents/Developer/Platforms/MacOSX.platform/Developer/usr/bin/swift-plugin-server\#SwiftMacros -load-resolved-plugin /Applications/Xcode.app/Contents/Developer/Platforms/MacOSX.platform/Developer/usr/lib/swift/host/plugins/libSwiftUIMacros.dylib\#/Applications/Xcode.app/Contents/Developer/Platforms/MacOSX.platform/Developer/usr/bin/swift-plugin-server\#SwiftUIMacros -disable-implicit-swift-modules -Xcc -fno-implicit-modules -Xcc -fno-implicit-module-maps -explicit-swift-module-map-file /Users/mac/Library/Developer/Xcode/DerivedData/DayPlanner-dzmspesxuataoydrmhbjdwttjbay/Build/Intermediates.noindex/DayPlanner.build/Debug/DayPlanner.build/Objects-normal/arm64/DayPlanner-dependencies-1.json -Xllvm -aarch64-use-tbi -enable-objc-interop -stack-check -sdk /Applications/Xcode.app/Contents/Developer/Platforms/MacOSX.platform/Developer/SDKs/MacOSX26.0.sdk -I /Users/mac/Library/Developer/Xcode/DerivedData/DayPlanner-dzmspesxuataoydrmhbjdwttjbay/Build/Products/Debug -F /Users/mac/Library/Developer/Xcode/DerivedData/DayPlanner-dzmspesxuataoydrmhbjdwttjbay/Build/Products/Debug -no-color-diagnostics -Xcc -fno-color-diagnostics -enable-testing -g -debug-info-format\=dwarf -dwarf-version\=4 -module-cache-path /Users/mac/Library/Developer/Xcode/DerivedData/DayPlanner-dzmspesxuataoydrmhbjdwttjbay/Build/Intermediates.noindex/SwiftExplicitPrecompiledModules -swift-version 5 -enforce-exclusivity\=checked -Onone -D DEBUG -serialize-debugging-options -const-gather-protocols-file /Users/mac/Library/Developer/Xcode/DerivedData/DayPlanner-dzmspesxuataoydrmhbjdwttjbay/Build/Intermediates.noindex/DayPlanner.build/Debug/DayPlanner.build/Objects-normal/arm64/DayPlanner_const_extract_protocols.json -enable-experimental-feature DebugDescriptionMacro -enable-bare-slash-regex -empty-abi-descriptor -validate-clang-modules-once -clang-build-session-file /Users/mac/Library/Developer/Xcode/DerivedData/ModuleCache.noindex/Session.modulevalidation -Xcc -working-directory -Xcc /Users/mac/Desktop/v0dayplan/dayplannermacos -enable-anonymous-context-mangled-names -file-compilation-dir /Users/mac/Desktop/v0dayplan/dayplannermacos -Xcc -D_LIBCPP_HARDENING_MODE\=_LIBCPP_HARDENING_MODE_DEBUG -Xcc -ivfsstatcache -Xcc /Users/mac/Library/Developer/Xcode/DerivedData/SDKStatCaches.noindex/macosx26.0-25A352-28806144b0707e398aac92880fa50324.sdkstatcache -Xcc -I/Users/mac/Library/Developer/Xcode/DerivedData/DayPlanner-dzmspesxuataoydrmhbjdwttjbay/Build/Intermediates.noindex/DayPlanner.build/Debug/DayPlanner.build/swift-overrides.hmap -Xcc -iquote -Xcc /Users/mac/Library/Developer/Xcode/DerivedData/DayPlanner-dzmspesxuataoydrmhbjdwttjbay/Build/Intermediates.noindex/DayPlanner.build/Debug/DayPlanner.build/DayPlanner-generated-files.hmap -Xcc -I/Users/mac/Library/Developer/Xcode/DerivedData/DayPlanner-dzmspesxuataoydrmhbjdwttjbay/Build/Intermediates.noindex/DayPlanner.build/Debug/DayPlanner.build/DayPlanner-own-target-headers.hmap -Xcc -I/Users/mac/Library/Developer/Xcode/DerivedData/DayPlanner-dzmspesxuataoydrmhbjdwttjbay/Build/Intermediates.noindex/DayPlanner.build/Debug/DayPlanner.build/DayPlanner-all-target-headers.hmap -Xcc -iquote -Xcc /Users/mac/Library/Developer/Xcode/DerivedData/DayPlanner-dzmspesxuataoydrmhbjdwttjbay/Build/Intermediates.noindex/DayPlanner.build/Debug/DayPlanner.build/DayPlanner-project-headers.hmap -Xcc -I/Users/mac/Library/Developer/Xcode/DerivedData/DayPlanner-dzmspesxuataoydrmhbjdwttjbay/Build/Products/Debug/include -Xcc -I/Users/mac/Library/Developer/Xcode/DerivedData/DayPlanner-dzmspesxuataoydrmhbjdwttjbay/Build/Intermediates.noindex/DayPlanner.build/Debug/DayPlanner.build/DerivedSources-normal/arm64 -Xcc -I/Users/mac/Library/Developer/Xcode/DerivedData/DayPlanner-dzmspesxuataoydrmhbjdwttjbay/Build/Intermediates.noindex/DayPlanner.build/Debug/DayPlanner.build/DerivedSources/arm64 -Xcc -I/Users/mac/Library/Developer/Xcode/DerivedData/DayPlanner-dzmspesxuataoydrmhbjdwttjbay/Build/Intermediates.noindex/DayPlanner.build/Debug/DayPlanner.build/DerivedSources -Xcc -DDEBUG\=1 -no-auto-bridging-header-chaining -module-name DayPlanner -frontend-parseable-output -disable-clang-spi -target-sdk-version 26.0 -target-sdk-name macosx26.0 -clang-target arm64-apple-macos26.0 -in-process-plugin-server-path /Applications/Xcode.app/Contents/Developer/Toolchains/XcodeDefault.xctoolchain/usr/lib/swift/host/libSwiftInProcPluginServer.dylib -o /Users/mac/Library/Developer/Xcode/DerivedData/DayPlanner-dzmspesxuataoydrmhbjdwttjbay/Build/Intermediates.noindex/DayPlanner.build/Debug/DayPlanner.build/Objects-normal/arm64/BackfillViews.o -index-unit-output-path /DayPlanner.build/Debug/DayPlanner.build/Objects-normal/arm64/BackfillViews.o -index-store-path /Users/mac/Library/Developer/Xcode/DerivedData/DayPlanner-dzmspesxuataoydrmhbjdwttjbay/Index.noindex/DataStore -index-system-modules

SwiftCompile normal arm64 /Users/mac/Desktop/v0dayplan/dayplannermacos/DayPlanner/App/Calendar/BackfillViews.swift (in target 'DayPlanner' from project 'DayPlanner')
    cd /Users/mac/Desktop/v0dayplan/dayplannermacos
    
/Users/mac/Desktop/v0dayplan/dayplannermacos/DayPlanner/App/Calendar/BackfillViews.swift:1110:34: error: generic struct 'Set' requires that 'Pillar' conform to 'Hashable'
            let combined = Array(Set(needsDefinition + missingQuietHours))
                                 ^
Swift.Set:1:23: note: where 'Element' = 'Pillar'
@frozen public struct Set<Element> where Element : Hashable {
                      ^
/Users/mac/Desktop/v0dayplan/dayplannermacos/DayPlanner/App/Calendar/BackfillViews.swift:1179:43: error: value of type 'Pillar' has no member 'lastEventDate'
                if let lastEvent = pillar.lastEventDate {
                                   ~~~~~~ ^~~~~~~~~~~~~

SwiftCompile normal arm64 Compiling\ Storage.swift /Users/mac/Desktop/v0dayplan/dayplannermacos/DayPlanner/Data/Storage.swift (in target 'DayPlanner' from project 'DayPlanner')

SwiftCompile normal arm64 /Users/mac/Desktop/v0dayplan/dayplannermacos/DayPlanner/Data/Storage.swift (in target 'DayPlanner' from project 'DayPlanner')
    cd /Users/mac/Desktop/v0dayplan/dayplannermacos
    

SwiftCompile normal arm64 Compiling\ ViewCards.swift /Users/mac/Desktop/v0dayplan/dayplannermacos/DayPlanner/App/Mind/ViewCards.swift (in target 'DayPlanner' from project 'DayPlanner')

SwiftCompile normal arm64 /Users/mac/Desktop/v0dayplan/dayplannermacos/DayPlanner/App/Mind/ViewCards.swift (in target 'DayPlanner' from project 'DayPlanner')
    cd /Users/mac/Desktop/v0dayplan/dayplannermacos
    

SwiftCompile normal arm64 Compiling\ AIService.swift /Users/mac/Desktop/v0dayplan/dayplannermacos/DayPlanner/AI/AIService.swift (in target 'DayPlanner' from project 'DayPlanner')

SwiftCompile normal arm64 /Users/mac/Desktop/v0dayplan/dayplannermacos/DayPlanner/AI/AIService.swift (in target 'DayPlanner' from project 'DayPlanner')
    cd /Users/mac/Desktop/v0dayplan/dayplannermacos
    
/Users/mac/Desktop/v0dayplan/dayplannermacos/DayPlanner/AI/AIService.swift:922:13: warning: variable 'requestBody' was never mutated; consider changing to 'let' constant
        var requestBody: [String: Any] = [
        ~~~ ^
        let

SwiftCompile normal arm64 Compiling\ EnhancedDayView.swift /Users/mac/Desktop/v0dayplan/dayplannermacos/DayPlanner/App/Calendar/EnhancedDayView.swift (in target 'DayPlanner' from project 'DayPlanner')

SwiftCompile normal arm64 /Users/mac/Desktop/v0dayplan/dayplannermacos/DayPlanner/App/Calendar/EnhancedDayView.swift (in target 'DayPlanner' from project 'DayPlanner')
    cd /Users/mac/Desktop/v0dayplan/dayplannermacos
    
/Users/mac/Desktop/v0dayplan/dayplannermacos/DayPlanner/App/Calendar/EnhancedDayView.swift:327:13: warning: variable 'index' was never mutated; consider changing to 'let' constant
        var index = 0
        ~~~ ^
        let

SwiftDriverJobDiscovery normal arm64 Compiling EnhancedDayView.swift (in target 'DayPlanner' from project 'DayPlanner')

SwiftDriverJobDiscovery normal arm64 Compiling AIService.swift (in target 'DayPlanner' from project 'DayPlanner')

SwiftCompile normal arm64 Compiling\ OnboardingCoordinator.swift,\ OnboardingOverlay.swift,\ MoodPrompts.swift /Users/mac/Desktop/v0dayplan/dayplannermacos/DayPlanner/App/Onboarding/OnboardingCoordinator.swift /Users/mac/Desktop/v0dayplan/dayplannermacos/DayPlanner/App/Onboarding/OnboardingOverlay.swift /Users/mac/Desktop/v0dayplan/dayplannermacos/DayPlanner/Views/Shared/MoodPrompts.swift (in target 'DayPlanner' from project 'DayPlanner')

SwiftCompile normal arm64 /Users/mac/Desktop/v0dayplan/dayplannermacos/DayPlanner/App/Onboarding/OnboardingCoordinator.swift (in target 'DayPlanner' from project 'DayPlanner')
    cd /Users/mac/Desktop/v0dayplan/dayplannermacos
    

SwiftCompile normal arm64 /Users/mac/Desktop/v0dayplan/dayplannermacos/DayPlanner/App/Onboarding/OnboardingOverlay.swift (in target 'DayPlanner' from project 'DayPlanner')
    cd /Users/mac/Desktop/v0dayplan/dayplannermacos
    

SwiftCompile normal arm64 /Users/mac/Desktop/v0dayplan/dayplannermacos/DayPlanner/Views/Shared/MoodPrompts.swift (in target 'DayPlanner' from project 'DayPlanner')
    cd /Users/mac/Desktop/v0dayplan/dayplannermacos
    

SwiftCompile normal arm64 Compiling\ CalendarChatBar.swift,\ MonthViewExpanded.swift,\ ProportionalTimelineView.swift /Users/mac/Desktop/v0dayplan/dayplannermacos/DayPlanner/App/Calendar/CalendarChatBar.swift /Users/mac/Desktop/v0dayplan/dayplannermacos/DayPlanner/App/Calendar/MonthViewExpanded.swift /Users/mac/Desktop/v0dayplan/dayplannermacos/DayPlanner/App/Calendar/ProportionalTimelineView.swift (in target 'DayPlanner' from project 'DayPlanner')

SwiftCompile normal arm64 /Users/mac/Desktop/v0dayplan/dayplannermacos/DayPlanner/App/Calendar/CalendarChatBar.swift (in target 'DayPlanner' from project 'DayPlanner')
    cd /Users/mac/Desktop/v0dayplan/dayplannermacos
    

SwiftCompile normal arm64 /Users/mac/Desktop/v0dayplan/dayplannermacos/DayPlanner/App/Calendar/MonthViewExpanded.swift (in target 'DayPlanner' from project 'DayPlanner')
    cd /Users/mac/Desktop/v0dayplan/dayplannermacos
    

SwiftCompile normal arm64 /Users/mac/Desktop/v0dayplan/dayplannermacos/DayPlanner/App/Calendar/ProportionalTimelineView.swift (in target 'DayPlanner' from project 'DayPlanner')
    cd /Users/mac/Desktop/v0dayplan/dayplannermacos
    

SwiftCompile normal arm64 Compiling\ GapAffordance.swift,\ GhostOverlay.swift /Users/mac/Desktop/v0dayplan/dayplannermacos/DayPlanner/App/Calendar/GapAffordance.swift /Users/mac/Desktop/v0dayplan/dayplannermacos/DayPlanner/App/Calendar/GhostOverlay.swift (in target 'DayPlanner' from project 'DayPlanner')

SwiftCompile normal arm64 /Users/mac/Desktop/v0dayplan/dayplannermacos/DayPlanner/App/Calendar/GapAffordance.swift (in target 'DayPlanner' from project 'DayPlanner')
    cd /Users/mac/Desktop/v0dayplan/dayplannermacos
    

SwiftCompile normal arm64 /Users/mac/Desktop/v0dayplan/dayplannermacos/DayPlanner/App/Calendar/GhostOverlay.swift (in target 'DayPlanner' from project 'DayPlanner')
    cd /Users/mac/Desktop/v0dayplan/dayplannermacos
    

SwiftCompile normal arm64 Compiling\ TodayGlass.swift,\ FlowGlass.swift,\ PatternLearning.swift /Users/mac/Desktop/v0dayplan/dayplannermacos/DayPlanner/Surfaces/TodayGlass.swift /Users/mac/Desktop/v0dayplan/dayplannermacos/DayPlanner/Surfaces/FlowGlass.swift /Users/mac/Desktop/v0dayplan/dayplannermacos/DayPlanner/Intelligence/PatternLearning.swift (in target 'DayPlanner' from project 'DayPlanner')

SwiftCompile normal arm64 /Users/mac/Desktop/v0dayplan/dayplannermacos/DayPlanner/Surfaces/TodayGlass.swift (in target 'DayPlanner' from project 'DayPlanner')
    cd /Users/mac/Desktop/v0dayplan/dayplannermacos
    

SwiftCompile normal arm64 /Users/mac/Desktop/v0dayplan/dayplannermacos/DayPlanner/Surfaces/FlowGlass.swift (in target 'DayPlanner' from project 'DayPlanner')
    cd /Users/mac/Desktop/v0dayplan/dayplannermacos
    

SwiftCompile normal arm64 /Users/mac/Desktop/v0dayplan/dayplannermacos/DayPlanner/Intelligence/PatternLearning.swift (in target 'DayPlanner' from project 'DayPlanner')
    cd /Users/mac/Desktop/v0dayplan/dayplannermacos
    

SwiftDriverJobDiscovery normal arm64 Compiling PillarsSection.swift (in target 'DayPlanner' from project 'DayPlanner')

SwiftCompile normal arm64 Compiling\ TodoListView.swift,\ DiagnosticsView.swift /Users/mac/Desktop/v0dayplan/dayplannermacos/DayPlanner/App/Records/TodoListView.swift /Users/mac/Desktop/v0dayplan/dayplannermacos/DayPlanner/App/Settings/DiagnosticsView.swift (in target 'DayPlanner' from project 'DayPlanner')

